<?xml version="1.0" encoding="UTF-8"?>
<testsuite name="com.jbj616.springboot.web.HelloControllerTest" tests="2" skipped="0" failures="0" errors="0" timestamp="2019-12-26T13:18:21" hostname="BYEONGJAEui-MacBookPro.local" time="0.112">
  <properties/>
  <testcase name="hello가_리턴된다" classname="com.jbj616.springboot.web.HelloControllerTest" time="0.032"/>
  <testcase name="helloDto가_리턴된다" classname="com.jbj616.springboot.web.HelloControllerTest" time="0.079"/>
  <system-out><![CDATA[2019-12-26 22:18:20.593  INFO 18169 --- [    Test worker] .b.t.a.w.s.WebMvcTestContextBootstrapper : Neither @ContextConfiguration nor @ContextHierarchy found for test class [com.jbj616.springboot.web.HelloControllerTest], using SpringBootContextLoader
2019-12-26 22:18:20.594  INFO 18169 --- [    Test worker] o.s.t.c.support.AbstractContextLoader    : Could not detect default resource locations for test class [com.jbj616.springboot.web.HelloControllerTest]: no resource found for suffixes {-context.xml, Context.groovy}.
2019-12-26 22:18:20.594  INFO 18169 --- [    Test worker] t.c.s.AnnotationConfigContextLoaderUtils : Could not detect default configuration classes for test class [com.jbj616.springboot.web.HelloControllerTest]: HelloControllerTest does not declare any static, non-private, non-final, nested classes annotated with @Configuration.
2019-12-26 22:18:20.613  INFO 18169 --- [    Test worker] .b.t.c.SpringBootTestContextBootstrapper : Found @SpringBootConfiguration com.jbj616.springboot.Application for test class com.jbj616.springboot.web.HelloControllerTest
2019-12-26 22:18:20.614  INFO 18169 --- [    Test worker] .b.t.a.w.s.WebMvcTestContextBootstrapper : Loaded default TestExecutionListener class names from location [META-INF/spring.factories]: [org.springframework.security.test.context.support.WithSecurityContextTestExecutionListener, org.springframework.security.test.context.support.ReactorContextTestExecutionListener, org.springframework.boot.test.autoconfigure.restdocs.RestDocsTestExecutionListener, org.springframework.boot.test.autoconfigure.web.client.MockRestServiceServerResetTestExecutionListener, org.springframework.boot.test.autoconfigure.web.servlet.MockMvcPrintOnlyOnFailureTestExecutionListener, org.springframework.boot.test.autoconfigure.web.servlet.WebDriverTestExecutionListener, org.springframework.boot.test.mock.mockito.MockitoTestExecutionListener, org.springframework.boot.test.mock.mockito.ResetMocksTestExecutionListener, org.springframework.test.context.web.ServletTestExecutionListener, org.springframework.test.context.support.DirtiesContextBeforeModesTestExecutionListener, org.springframework.test.context.support.DependencyInjectionTestExecutionListener, org.springframework.test.context.support.DirtiesContextTestExecutionListener, org.springframework.test.context.transaction.TransactionalTestExecutionListener, org.springframework.test.context.jdbc.SqlScriptsTestExecutionListener]
2019-12-26 22:18:20.615  INFO 18169 --- [    Test worker] .b.t.a.w.s.WebMvcTestContextBootstrapper : Using TestExecutionListeners: [org.springframework.test.context.web.ServletTestExecutionListener@4b9111d0, org.springframework.test.context.support.DirtiesContextBeforeModesTestExecutionListener@27884809, org.springframework.boot.test.mock.mockito.MockitoTestExecutionListener@c0424e5, org.springframework.boot.test.autoconfigure.SpringBootDependencyInjectionTestExecutionListener@2f29177d, org.springframework.test.context.support.DirtiesContextTestExecutionListener@6c759cd9, org.springframework.test.context.transaction.TransactionalTestExecutionListener@9d8595e, org.springframework.test.context.jdbc.SqlScriptsTestExecutionListener@2456778c, org.springframework.security.test.context.support.WithSecurityContextTestExecutionListener@43a30e84, org.springframework.security.test.context.support.ReactorContextTestExecutionListener@3f0d17d, org.springframework.boot.test.autoconfigure.restdocs.RestDocsTestExecutionListener@48296af4, org.springframework.boot.test.autoconfigure.web.client.MockRestServiceServerResetTestExecutionListener@5fd48e6a, org.springframework.boot.test.autoconfigure.web.servlet.MockMvcPrintOnlyOnFailureTestExecutionListener@4d86c3a, org.springframework.boot.test.autoconfigure.web.servlet.WebDriverTestExecutionListener@1262ee5, org.springframework.boot.test.mock.mockito.ResetMocksTestExecutionListener@2db8aff]

  .   ____          _            __ _ _
 /\\ / ___'_ __ _ _(_)_ __  __ _ \ \ \ \
( ( )\___ | '_ | '_| | '_ \/ _` | \ \ \ \
 \\/  ___)| |_)| | | | | || (_| |  ) ) ) )
  '  |____| .__|_| |_|_| |_\__, | / / / /
 =========|_|==============|___/=/_/_/_/
 :: Spring Boot ::        (v2.1.9.RELEASE)

2019-12-26 22:18:20.637  INFO 18169 --- [    Test worker] c.j.springboot.web.HelloControllerTest   : Starting HelloControllerTest on BYEONGJAEui-MacBookPro.local with PID 18169 (started by byeongjaejung in /Users/byeongjaejung/Desktop/MyGit/springboot-webservice)
2019-12-26 22:18:20.638  INFO 18169 --- [    Test worker] c.j.springboot.web.HelloControllerTest   : No active profile set, falling back to default profiles: default
2019-12-26 22:18:20.942  INFO 18169 --- [    Test worker] o.s.s.concurrent.ThreadPoolTaskExecutor  : Initializing ExecutorService 'applicationTaskExecutor'
2019-12-26 22:18:20.966  INFO 18169 --- [    Test worker] o.s.b.a.w.s.WelcomePageHandlerMapping    : Adding welcome page template: index
2019-12-26 22:18:21.093  INFO 18169 --- [    Test worker] .s.s.UserDetailsServiceAutoConfiguration : 

Using generated security password: c76d12fd-44f0-4ef7-9652-5757b12192e2

2019-12-26 22:18:21.164  INFO 18169 --- [    Test worker] o.s.s.web.DefaultSecurityFilterChain     : Creating filter chain: any request, [org.springframework.security.web.context.request.async.WebAsyncManagerIntegrationFilter@317f92ae, org.springframework.security.web.context.SecurityContextPersistenceFilter@15742e7, org.springframework.security.web.header.HeaderWriterFilter@a3c5749, org.springframework.security.web.csrf.CsrfFilter@5f8406cb, org.springframework.security.web.authentication.logout.LogoutFilter@7b152277, org.springframework.security.web.authentication.UsernamePasswordAuthenticationFilter@5800bd7b, org.springframework.security.web.authentication.ui.DefaultLoginPageGeneratingFilter@604b834a, org.springframework.security.web.authentication.ui.DefaultLogoutPageGeneratingFilter@396c209a, org.springframework.security.web.authentication.www.BasicAuthenticationFilter@5233a976, org.springframework.security.web.savedrequest.RequestCacheAwareFilter@7078c0e8, org.springframework.security.web.servletapi.SecurityContextHolderAwareRequestFilter@189657b1, org.springframework.security.web.authentication.AnonymousAuthenticationFilter@76db46d8, org.springframework.security.web.session.SessionManagementFilter@75f1aa9b, org.springframework.security.web.access.ExceptionTranslationFilter@19fd0469, org.springframework.security.web.access.intercept.FilterSecurityInterceptor@52ebc02e]
2019-12-26 22:18:21.178  INFO 18169 --- [    Test worker] o.s.b.t.m.w.SpringBootMockServletContext : Initializing Spring TestDispatcherServlet ''
2019-12-26 22:18:21.178  INFO 18169 --- [    Test worker] o.s.t.web.servlet.TestDispatcherServlet  : Initializing Servlet ''
2019-12-26 22:18:21.184  INFO 18169 --- [    Test worker] o.s.t.web.servlet.TestDispatcherServlet  : Completed initialization in 6 ms
2019-12-26 22:18:21.210  INFO 18169 --- [    Test worker] c.j.springboot.web.HelloControllerTest   : Started HelloControllerTest in 0.592 seconds (JVM running for 8.755)
]]></system-out>
  <system-err><![CDATA[]]></system-err>
</testsuite>
