<?xml version="1.0" encoding="UTF-8"?>
<testsuite name="com.jbj616.springboot.web.PostsApiControllerTest" tests="2" skipped="0" failures="0" errors="0" timestamp="2019-12-26T13:18:21" hostname="BYEONGJAEui-MacBookPro.local" time="0.114">
  <properties/>
  <testcase name="Posts_등록된다" classname="com.jbj616.springboot.web.PostsApiControllerTest" time="0.075"/>
  <testcase name="Posts_수정된다" classname="com.jbj616.springboot.web.PostsApiControllerTest" time="0.038"/>
  <system-out><![CDATA[2019-12-26 22:18:21.329  INFO 18169 --- [    Test worker] .b.t.c.SpringBootTestContextBootstrapper : Neither @ContextConfiguration nor @ContextHierarchy found for test class [com.jbj616.springboot.web.PostsApiControllerTest], using SpringBootContextLoader
2019-12-26 22:18:21.330  INFO 18169 --- [    Test worker] o.s.t.c.support.AbstractContextLoader    : Could not detect default resource locations for test class [com.jbj616.springboot.web.PostsApiControllerTest]: no resource found for suffixes {-context.xml, Context.groovy}.
2019-12-26 22:18:21.330  INFO 18169 --- [    Test worker] t.c.s.AnnotationConfigContextLoaderUtils : Could not detect default configuration classes for test class [com.jbj616.springboot.web.PostsApiControllerTest]: PostsApiControllerTest does not declare any static, non-private, non-final, nested classes annotated with @Configuration.
2019-12-26 22:18:21.331  INFO 18169 --- [    Test worker] .b.t.c.SpringBootTestContextBootstrapper : Found @SpringBootConfiguration com.jbj616.springboot.Application for test class com.jbj616.springboot.web.PostsApiControllerTest
2019-12-26 22:18:21.333  INFO 18169 --- [    Test worker] .b.t.c.SpringBootTestContextBootstrapper : Loaded default TestExecutionListener class names from location [META-INF/spring.factories]: [org.springframework.security.test.context.support.WithSecurityContextTestExecutionListener, org.springframework.security.test.context.support.ReactorContextTestExecutionListener, org.springframework.boot.test.autoconfigure.restdocs.RestDocsTestExecutionListener, org.springframework.boot.test.autoconfigure.web.client.MockRestServiceServerResetTestExecutionListener, org.springframework.boot.test.autoconfigure.web.servlet.MockMvcPrintOnlyOnFailureTestExecutionListener, org.springframework.boot.test.autoconfigure.web.servlet.WebDriverTestExecutionListener, org.springframework.boot.test.mock.mockito.MockitoTestExecutionListener, org.springframework.boot.test.mock.mockito.ResetMocksTestExecutionListener, org.springframework.test.context.web.ServletTestExecutionListener, org.springframework.test.context.support.DirtiesContextBeforeModesTestExecutionListener, org.springframework.test.context.support.DependencyInjectionTestExecutionListener, org.springframework.test.context.support.DirtiesContextTestExecutionListener, org.springframework.test.context.transaction.TransactionalTestExecutionListener, org.springframework.test.context.jdbc.SqlScriptsTestExecutionListener]
2019-12-26 22:18:21.333  INFO 18169 --- [    Test worker] .b.t.c.SpringBootTestContextBootstrapper : Using TestExecutionListeners: [org.springframework.test.context.web.ServletTestExecutionListener@664743a9, org.springframework.test.context.support.DirtiesContextBeforeModesTestExecutionListener@1fd2536a, org.springframework.boot.test.mock.mockito.MockitoTestExecutionListener@6c0dcd83, org.springframework.boot.test.autoconfigure.SpringBootDependencyInjectionTestExecutionListener@5a47287a, org.springframework.test.context.support.DirtiesContextTestExecutionListener@6c17290, org.springframework.test.context.transaction.TransactionalTestExecutionListener@b052821, org.springframework.test.context.jdbc.SqlScriptsTestExecutionListener@9e69d17, org.springframework.security.test.context.support.WithSecurityContextTestExecutionListener@6a8170a9, org.springframework.security.test.context.support.ReactorContextTestExecutionListener@6759ca9b, org.springframework.boot.test.autoconfigure.restdocs.RestDocsTestExecutionListener@453fa271, org.springframework.boot.test.autoconfigure.web.client.MockRestServiceServerResetTestExecutionListener@788c81e4, org.springframework.boot.test.autoconfigure.web.servlet.MockMvcPrintOnlyOnFailureTestExecutionListener@1969a264, org.springframework.boot.test.autoconfigure.web.servlet.WebDriverTestExecutionListener@30cdbec0, org.springframework.boot.test.mock.mockito.ResetMocksTestExecutionListener@859ae82]
2019-12-26 22:18:21.339  INFO 18169 --- [    Test worker] o.a.c.c.C.[Tomcat].[localhost].[/]       : Initializing Spring TestDispatcherServlet ''
2019-12-26 22:18:21.339  INFO 18169 --- [    Test worker] o.s.t.web.servlet.TestDispatcherServlet  : Initializing Servlet ''
2019-12-26 22:18:21.342  INFO 18169 --- [    Test worker] o.s.t.web.servlet.TestDispatcherServlet  : Completed initialization in 3 ms
Hibernate: insert into posts (create_time, modified_date, author, content, title) values (?, ?, ?, ?, ?)
Hibernate: select posts0_.id as id1_0_, posts0_.create_time as create_t2_0_, posts0_.modified_date as modified3_0_, posts0_.author as author4_0_, posts0_.content as content5_0_, posts0_.title as title6_0_ from posts posts0_
Hibernate: select posts0_.id as id1_0_, posts0_.create_time as create_t2_0_, posts0_.modified_date as modified3_0_, posts0_.author as author4_0_, posts0_.content as content5_0_, posts0_.title as title6_0_ from posts posts0_
Hibernate: delete from posts where id=?
2019-12-26 22:18:21.414  INFO 18169 --- [    Test worker] o.a.c.c.C.[Tomcat].[localhost].[/]       : Initializing Spring TestDispatcherServlet ''
2019-12-26 22:18:21.415  INFO 18169 --- [    Test worker] o.s.t.web.servlet.TestDispatcherServlet  : Initializing Servlet ''
2019-12-26 22:18:21.418  INFO 18169 --- [    Test worker] o.s.t.web.servlet.TestDispatcherServlet  : Completed initialization in 3 ms
Hibernate: insert into posts (create_time, modified_date, author, content, title) values (?, ?, ?, ?, ?)
Hibernate: select posts0_.id as id1_0_0_, posts0_.create_time as create_t2_0_0_, posts0_.modified_date as modified3_0_0_, posts0_.author as author4_0_0_, posts0_.content as content5_0_0_, posts0_.title as title6_0_0_ from posts posts0_ where posts0_.id=?
Hibernate: update posts set create_time=?, modified_date=?, author=?, content=?, title=? where id=?
Hibernate: select posts0_.id as id1_0_, posts0_.create_time as create_t2_0_, posts0_.modified_date as modified3_0_, posts0_.author as author4_0_, posts0_.content as content5_0_, posts0_.title as title6_0_ from posts posts0_
Hibernate: select posts0_.id as id1_0_, posts0_.create_time as create_t2_0_, posts0_.modified_date as modified3_0_, posts0_.author as author4_0_, posts0_.content as content5_0_, posts0_.title as title6_0_ from posts posts0_
Hibernate: delete from posts where id=?
]]></system-out>
  <system-err><![CDATA[]]></system-err>
</testsuite>
